# JRE version: OpenJDK Runtime Environment (8.0_191-b12) (build 1.8.0_191-8u191-b12-2ubuntu0.16.04.1-b12)
# Java VM: OpenJDK 64-Bit Server VM (25.191-b12 mixed mode linux-amd64 compressed oops)
Heap:
 PSYoungGen      total 135680K, used 8675K [0x00000000eb700000, 0x00000000f4400000, 0x0000000100000000)
  eden space 126976K, 0% used [0x00000000eb700000,0x00000000eb700000,0x00000000f3300000)
  from space 8704K, 99% used [0x00000000f3300000,0x00000000f3b78d78,0x00000000f3b80000)
  to   space 8704K, 0% used [0x00000000f3b80000,0x00000000f3b80000,0x00000000f4400000)
 ParOldGen       total 30720K, used 6919K [0x00000000c2400000, 0x00000000c4200000, 0x00000000eb700000)
  object space 30720K, 22% used [0x00000000c2400000,0x00000000c2ac1ed0,0x00000000c4200000)
 Metaspace       used 28555K, capacity 29512K, committed 29824K, reserved 1075200K
  class space    used 3622K, capacity 3844K, committed 3968K, reserved 1048576K
GC Heap History (10 events):
Event: 1.277 GC heap after
Heap after GC invocations=3 (full 0):
 PSYoungGen      total 34304K, used 2546K [0x00000000eb700000, 0x00000000efa00000, 0x0000000100000000)
  eden space 31744K, 0% used [0x00000000eb700000,0x00000000eb700000,0x00000000ed600000)
  from space 2560K, 99% used [0x00000000ed600000,0x00000000ed87c878,0x00000000ed880000)
  to   space 2560K, 0% used [0x00000000ef780000,0x00000000ef780000,0x00000000efa00000)
 ParOldGen       total 42496K, used 3014K [0x00000000c2400000, 0x00000000c4d80000, 0x00000000eb700000)
  object space 42496K, 7% used [0x00000000c2400000,0x00000000c26f19c0,0x00000000c4d80000)
 Metaspace       used 12579K, capacity 12880K, committed 13184K, reserved 1060864K
  class space    used 1503K, capacity 1600K, committed 1664K, reserved 1048576K
}
Event: 1.570 GC heap before
{Heap before GC invocations=4 (full 0):
 PSYoungGen      total 34304K, used 34290K [0x00000000eb700000, 0x00000000efa00000, 0x0000000100000000)
  eden space 31744K, 100% used [0x00000000eb700000,0x00000000ed600000,0x00000000ed600000)
  from space 2560K, 99% used [0x00000000ed600000,0x00000000ed87c878,0x00000000ed880000)
  to   space 2560K, 0% used [0x00000000ef780000,0x00000000ef780000,0x00000000efa00000)
 ParOldGen       total 42496K, used 3014K [0x00000000c2400000, 0x00000000c4d80000, 0x00000000eb700000)
  object space 42496K, 7% used [0x00000000c2400000,0x00000000c26f19c0,0x00000000c4d80000)
 Metaspace       used 15606K, capacity 16002K, committed 16256K, reserved 1062912K
  class space    used 1983K, capacity 2109K, committed 2176K, reserved 1048576K
Event: 1.577 GC heap after
Heap after GC invocations=4 (full 0):
 PSYoungGen      total 66048K, used 2546K [0x00000000eb700000, 0x00000000efa00000, 0x0000000100000000)
  eden space 63488K, 0% used [0x00000000eb700000,0x00000000eb700000,0x00000000ef500000)
  from space 2560K, 99% used [0x00000000ef780000,0x00000000ef9fc878,0x00000000efa00000)
  to   space 2560K, 0% used [0x00000000ef500000,0x00000000ef500000,0x00000000ef780000)
 ParOldGen       total 42496K, used 5843K [0x00000000c2400000, 0x00000000c4d80000, 0x00000000eb700000)
  object space 42496K, 13% used [0x00000000c2400000,0x00000000c29b4fa8,0x00000000c4d80000)
 Metaspace       used 15606K, capacity 16002K, committed 16256K, reserved 1062912K
  class space    used 1983K, capacity 2109K, committed 2176K, reserved 1048576K
}
Event: 2.070 GC heap before
{Heap before GC invocations=5 (full 0):
 PSYoungGen      total 66048K, used 47089K [0x00000000eb700000, 0x00000000efa00000, 0x0000000100000000)
  eden space 63488K, 70% used [0x00000000eb700000,0x00000000ee27fe30,0x00000000ef500000)
  from space 2560K, 99% used [0x00000000ef780000,0x00000000ef9fc878,0x00000000efa00000)
  to   space 2560K, 0% used [0x00000000ef500000,0x00000000ef500000,0x00000000ef780000)
 ParOldGen       total 42496K, used 5843K [0x00000000c2400000, 0x00000000c4d80000, 0x00000000eb700000)
  object space 42496K, 13% used [0x00000000c2400000,0x00000000c29b4fa8,0x00000000c4d80000)
 Metaspace       used 20640K, capacity 21184K, committed 21504K, reserved 1069056K
  class space    used 2589K, capacity 2736K, committed 2816K, reserved 1048576K
Event: 2.082 GC heap after
Heap after GC invocations=5 (full 0):
 PSYoungGen      total 66048K, used 2546K [0x00000000eb700000, 0x00000000f4400000, 0x0000000100000000)
  eden space 63488K, 0% used [0x00000000eb700000,0x00000000eb700000,0x00000000ef500000)
  from space 2560K, 99% used [0x00000000ef500000,0x00000000ef77c878,0x00000000ef780000)
  to   space 8704K, 0% used [0x00000000f3b80000,0x00000000f3b80000,0x00000000f4400000)
 ParOldGen       total 42496K, used 11265K [0x00000000c2400000, 0x00000000c4d80000, 0x00000000eb700000)
  object space 42496K, 26% used [0x00000000c2400000,0x00000000c2f00400,0x00000000c4d80000)
 Metaspace       used 20640K, capacity 21184K, committed 21504K, reserved 1069056K
  class space    used 2589K, capacity 2736K, committed 2816K, reserved 1048576K
}
Event: 2.106 GC heap before
{Heap before GC invocations=6 (full 0):
 PSYoungGen      total 66048K, used 6283K [0x00000000eb700000, 0x00000000f4400000, 0x0000000100000000)
  eden space 63488K, 5% used [0x00000000eb700000,0x00000000ebaa6400,0x00000000ef500000)
  from space 2560K, 99% used [0x00000000ef500000,0x00000000ef77c878,0x00000000ef780000)
  to   space 8704K, 0% used [0x00000000f3b80000,0x00000000f3b80000,0x00000000f4400000)
 ParOldGen       total 42496K, used 11265K [0x00000000c2400000, 0x00000000c4d80000, 0x00000000eb700000)
  object space 42496K, 26% used [0x00000000c2400000,0x00000000c2f00400,0x00000000c4d80000)
 Metaspace       used 21011K, capacity 21478K, committed 21628K, reserved 1069056K
  class space    used 2638K, capacity 2769K, committed 2816K, reserved 1048576K
Event: 2.113 GC heap after
Heap after GC invocations=6 (full 0):
 PSYoungGen      total 135680K, used 3014K [0x00000000eb700000, 0x00000000f4400000, 0x0000000100000000)
  eden space 126976K, 0% used [0x00000000eb700000,0x00000000eb700000,0x00000000f3300000)
  from space 8704K, 34% used [0x00000000f3b80000,0x00000000f3e719b0,0x00000000f4400000)
  to   space 8704K, 0% used [0x00000000f3300000,0x00000000f3300000,0x00000000f3b80000)
 ParOldGen       total 42496K, used 11265K [0x00000000c2400000, 0x00000000c4d80000, 0x00000000eb700000)
  object space 42496K, 26% used [0x00000000c2400000,0x00000000c2f00400,0x00000000c4d80000)
 Metaspace       used 21011K, capacity 21478K, committed 21628K, reserved 1069056K
  class space    used 2638K, capacity 2769K, committed 2816K, reserved 1048576K
}
Event: 2.113 GC heap before
{Heap before GC invocations=7 (full 1):
 PSYoungGen      total 135680K, used 3014K [0x00000000eb700000, 0x00000000f4400000, 0x0000000100000000)
  eden space 126976K, 0% used [0x00000000eb700000,0x00000000eb700000,0x00000000f3300000)
  from space 8704K, 34% used [0x00000000f3b80000,0x00000000f3e719b0,0x00000000f4400000)
  to   space 8704K, 0% used [0x00000000f3300000,0x00000000f3300000,0x00000000f3b80000)
 ParOldGen       total 42496K, used 11265K [0x00000000c2400000, 0x00000000c4d80000, 0x00000000eb700000)
  object space 42496K, 26% used [0x00000000c2400000,0x00000000c2f00400,0x00000000c4d80000)
 Metaspace       used 21011K, capacity 21478K, committed 21628K, reserved 1069056K
  class space    used 2638K, capacity 2769K, committed 2816K, reserved 1048576K
Event: 2.152 GC heap after
Heap after GC invocations=7 (full 1):
 PSYoungGen      total 135680K, used 0K [0x00000000eb700000, 0x00000000f4400000, 0x0000000100000000)
  eden space 126976K, 0% used [0x00000000eb700000,0x00000000eb700000,0x00000000f3300000)
  from space 8704K, 0% used [0x00000000f3b80000,0x00000000f3b80000,0x00000000f4400000)
  to   space 8704K, 0% used [0x00000000f3300000,0x00000000f3300000,0x00000000f3b80000)
 ParOldGen       total 30720K, used 5258K [0x00000000c2400000, 0x00000000c4200000, 0x00000000eb700000)
  object space 30720K, 17% used [0x00000000c2400000,0x00000000c29229e0,0x00000000c4200000)
 Metaspace       used 21011K, capacity 21478K, committed 21628K, reserved 1069056K
  class space    used 2638K, capacity 2769K, committed 2816K, reserved 1048576K
}
Event: 3.632 GC heap before
{Heap before GC invocations=8 (full 1):
 PSYoungGen      total 135680K, used 126976K [0x00000000eb700000, 0x00000000f4400000, 0x0000000100000000)
  eden space 126976K, 100% used [0x00000000eb700000,0x00000000f3300000,0x00000000f3300000)
  from space 8704K, 0% used [0x00000000f3b80000,0x00000000f3b80000,0x00000000f4400000)
  to   space 8704K, 0% used [0x00000000f3300000,0x00000000f3300000,0x00000000f3b80000)
 ParOldGen       total 30720K, used 5258K [0x00000000c2400000, 0x00000000c4200000, 0x00000000eb700000)
  object space 30720K, 17% used [0x00000000c2400000,0x00000000c29229e0,0x00000000c4200000)
 Metaspace       used 28555K, capacity 29512K, committed 29824K, reserved 1075200K
  class space    used 3622K, capacity 3844K, committed 3968K, reserved 1048576K

