# JRE version: OpenJDK Runtime Environment (8.0_191-b12) (build 1.8.0_191-8u191-b12-2ubuntu0.16.04.1-b12)
# Java VM: OpenJDK 64-Bit Server VM (25.191-b12 mixed mode linux-amd64 compressed oops)
Heap:
 PSYoungGen      total 132096K, used 8684K [0x00000000eb700000, 0x00000000f4d80000, 0x0000000100000000)
  eden space 123392K, 0% used [0x00000000eb700000,0x00000000eb700000,0x00000000f2f80000)
  from space 8704K, 99% used [0x00000000f4500000,0x00000000f4d7b070,0x00000000f4d80000)
  to   space 6656K, 0% used [0x00000000f2f80000,0x00000000f2f80000,0x00000000f3600000)
 ParOldGen       total 31232K, used 12870K [0x00000000c2400000, 0x00000000c4280000, 0x00000000eb700000)
  object space 31232K, 41% used [0x00000000c2400000,0x00000000c3091880,0x00000000c4280000)
 Metaspace       used 34017K, capacity 35266K, committed 35416K, reserved 1081344K
  class space    used 4248K, capacity 4541K, committed 4608K, reserved 1048576K
GC Heap History (10 events):
Event: 2.007 GC heap after
Heap after GC invocations=6 (full 0):
 PSYoungGen      total 68096K, used 5623K [0x00000000eb700000, 0x00000000f0200000, 0x0000000100000000)
  eden space 62464K, 0% used [0x00000000eb700000,0x00000000eb700000,0x00000000ef400000)
  from space 5632K, 99% used [0x00000000efa80000,0x00000000efffdde0,0x00000000f0000000)
  to   space 6656K, 0% used [0x00000000ef400000,0x00000000ef400000,0x00000000efa80000)
 ParOldGen       total 42496K, used 6282K [0x00000000c2400000, 0x00000000c4d80000, 0x00000000eb700000)
  object space 42496K, 14% used [0x00000000c2400000,0x00000000c2a22980,0x00000000c4d80000)
 Metaspace       used 19077K, capacity 19580K, committed 19840K, reserved 1067008K
  class space    used 2441K, capacity 2570K, committed 2688K, reserved 1048576K
}
Event: 2.150 GC heap before
{Heap before GC invocations=7 (full 0):
 PSYoungGen      total 68096K, used 20943K [0x00000000eb700000, 0x00000000f0200000, 0x0000000100000000)
  eden space 62464K, 24% used [0x00000000eb700000,0x00000000ec5f6050,0x00000000ef400000)
  from space 5632K, 99% used [0x00000000efa80000,0x00000000efffdde0,0x00000000f0000000)
  to   space 6656K, 0% used [0x00000000ef400000,0x00000000ef400000,0x00000000efa80000)
 ParOldGen       total 42496K, used 6282K [0x00000000c2400000, 0x00000000c4d80000, 0x00000000eb700000)
  object space 42496K, 14% used [0x00000000c2400000,0x00000000c2a22980,0x00000000c4d80000)
 Metaspace       used 20608K, capacity 21090K, committed 21248K, reserved 1067008K
  class space    used 2584K, capacity 2705K, committed 2816K, reserved 1048576K
Event: 2.159 GC heap after
Heap after GC invocations=7 (full 0):
 PSYoungGen      total 69120K, used 4222K [0x00000000eb700000, 0x00000000f3e00000, 0x0000000100000000)
  eden space 62464K, 0% used [0x00000000eb700000,0x00000000eb700000,0x00000000ef400000)
  from space 6656K, 63% used [0x00000000ef400000,0x00000000ef81f970,0x00000000efa80000)
  to   space 6656K, 0% used [0x00000000f3780000,0x00000000f3780000,0x00000000f3e00000)
 ParOldGen       total 42496K, used 7384K [0x00000000c2400000, 0x00000000c4d80000, 0x00000000eb700000)
  object space 42496K, 17% used [0x00000000c2400000,0x00000000c2b363c8,0x00000000c4d80000)
 Metaspace       used 20608K, capacity 21090K, committed 21248K, reserved 1067008K
  class space    used 2584K, capacity 2705K, committed 2816K, reserved 1048576K
}
Event: 2.159 GC heap before
{Heap before GC invocations=8 (full 1):
 PSYoungGen      total 69120K, used 4222K [0x00000000eb700000, 0x00000000f3e00000, 0x0000000100000000)
  eden space 62464K, 0% used [0x00000000eb700000,0x00000000eb700000,0x00000000ef400000)
  from space 6656K, 63% used [0x00000000ef400000,0x00000000ef81f970,0x00000000efa80000)
  to   space 6656K, 0% used [0x00000000f3780000,0x00000000f3780000,0x00000000f3e00000)
 ParOldGen       total 42496K, used 7384K [0x00000000c2400000, 0x00000000c4d80000, 0x00000000eb700000)
  object space 42496K, 17% used [0x00000000c2400000,0x00000000c2b363c8,0x00000000c4d80000)
 Metaspace       used 20608K, capacity 21090K, committed 21248K, reserved 1067008K
  class space    used 2584K, capacity 2705K, committed 2816K, reserved 1048576K
Event: 2.201 GC heap after
Heap after GC invocations=8 (full 1):
 PSYoungGen      total 69120K, used 0K [0x00000000eb700000, 0x00000000f3e00000, 0x0000000100000000)
  eden space 62464K, 0% used [0x00000000eb700000,0x00000000eb700000,0x00000000ef400000)
  from space 6656K, 0% used [0x00000000ef400000,0x00000000ef400000,0x00000000efa80000)
  to   space 6656K, 0% used [0x00000000f3780000,0x00000000f3780000,0x00000000f3e00000)
 ParOldGen       total 31232K, used 6317K [0x00000000c2400000, 0x00000000c4280000, 0x00000000eb700000)
  object space 31232K, 20% used [0x00000000c2400000,0x00000000c2a2b488,0x00000000c4280000)
 Metaspace       used 20608K, capacity 21090K, committed 21248K, reserved 1067008K
  class space    used 2584K, capacity 2705K, committed 2816K, reserved 1048576K
}
Event: 2.657 GC heap before
{Heap before GC invocations=9 (full 1):
 PSYoungGen      total 69120K, used 62433K [0x00000000eb700000, 0x00000000f3e00000, 0x0000000100000000)
  eden space 62464K, 99% used [0x00000000eb700000,0x00000000ef3f8490,0x00000000ef400000)
  from space 6656K, 0% used [0x00000000ef400000,0x00000000ef400000,0x00000000efa80000)
  to   space 6656K, 0% used [0x00000000f3780000,0x00000000f3780000,0x00000000f3e00000)
 ParOldGen       total 31232K, used 6317K [0x00000000c2400000, 0x00000000c4280000, 0x00000000eb700000)
  object space 31232K, 20% used [0x00000000c2400000,0x00000000c2a2b488,0x00000000c4280000)
 Metaspace       used 24293K, capacity 24942K, committed 25088K, reserved 1071104K
  class space    used 3050K, capacity 3219K, committed 3328K, reserved 1048576K
Event: 2.664 GC heap after
Heap after GC invocations=9 (full 1):
 PSYoungGen      total 105472K, used 4785K [0x00000000eb700000, 0x00000000f3c80000, 0x0000000100000000)
  eden space 100352K, 0% used [0x00000000eb700000,0x00000000eb700000,0x00000000f1900000)
  from space 5120K, 93% used [0x00000000f3780000,0x00000000f3c2c7c0,0x00000000f3c80000)
  to   space 6656K, 0% used [0x00000000f2f80000,0x00000000f2f80000,0x00000000f3600000)
 ParOldGen       total 31232K, used 6325K [0x00000000c2400000, 0x00000000c4280000, 0x00000000eb700000)
  object space 31232K, 20% used [0x00000000c2400000,0x00000000c2a2d488,0x00000000c4280000)
 Metaspace       used 24293K, capacity 24942K, committed 25088K, reserved 1071104K
  class space    used 3050K, capacity 3219K, committed 3328K, reserved 1048576K
}
Event: 4.189 GC heap before
{Heap before GC invocations=10 (full 1):
 PSYoungGen      total 105472K, used 105137K [0x00000000eb700000, 0x00000000f3c80000, 0x0000000100000000)
  eden space 100352K, 100% used [0x00000000eb700000,0x00000000f1900000,0x00000000f1900000)
  from space 5120K, 93% used [0x00000000f3780000,0x00000000f3c2c7c0,0x00000000f3c80000)
  to   space 6656K, 0% used [0x00000000f2f80000,0x00000000f2f80000,0x00000000f3600000)
 ParOldGen       total 31232K, used 6325K [0x00000000c2400000, 0x00000000c4280000, 0x00000000eb700000)
  object space 31232K, 20% used [0x00000000c2400000,0x00000000c2a2d488,0x00000000c4280000)
 Metaspace       used 30265K, capacity 31430K, committed 31616K, reserved 1077248K
  class space    used 3849K, capacity 4119K, committed 4224K, reserved 1048576K
Event: 4.275 GC heap after
Heap after GC invocations=10 (full 1):
 PSYoungGen      total 130048K, used 6624K [0x00000000eb700000, 0x00000000f4d80000, 0x0000000100000000)
  eden space 123392K, 0% used [0x00000000eb700000,0x00000000eb700000,0x00000000f2f80000)
  from space 6656K, 99% used [0x00000000f2f80000,0x00000000f35f82f8,0x00000000f3600000)
  to   space 8704K, 0% used [0x00000000f4500000,0x00000000f4500000,0x00000000f4d80000)
 ParOldGen       total 31232K, used 10179K [0x00000000c2400000, 0x00000000c4280000, 0x00000000eb700000)
  object space 31232K, 32% used [0x00000000c2400000,0x00000000c2df0f20,0x00000000c4280000)
 Metaspace       used 30265K, capacity 31430K, committed 31616K, reserved 1077248K
  class space    used 3849K, capacity 4119K, committed 4224K, reserved 1048576K
}
Event: 44.013 GC heap before
{Heap before GC invocations=11 (full 1):
 PSYoungGen      total 130048K, used 51949K [0x00000000eb700000, 0x00000000f4d80000, 0x0000000100000000)
  eden space 123392K, 36% used [0x00000000eb700000,0x00000000ee343448,0x00000000f2f80000)
  from space 6656K, 99% used [0x00000000f2f80000,0x00000000f35f82f8,0x00000000f3600000)
  to   space 8704K, 0% used [0x00000000f4500000,0x00000000f4500000,0x00000000f4d80000)
 ParOldGen       total 31232K, used 10179K [0x00000000c2400000, 0x00000000c4280000, 0x00000000eb700000)
  object space 31232K, 32% used [0x00000000c2400000,0x00000000c2df0f20,0x00000000c4280000)
 Metaspace       used 34017K, capacity 35266K, committed 35416K, reserved 1081344K
  class space    used 4248K, capacity 4541K, committed 4608K, reserved 1048576K

